[0.124s] Invoking command in '/home/alansi77/custom_flightmode/build/example_mode_goto_global_cpp': AMENT_PREFIX_PATH=/home/alansi77/custom_flightmode/install/px4_ros2_cpp:/home/alansi77/custom_flightmode/install/px4_msgs:${AMENT_PREFIX_PATH} CMAKE_PREFIX_PATH=/home/alansi77/custom_flightmode/install/px4_ros2_cpp:/home/alansi77/custom_flightmode/install/px4_msgs:/opt/ros/humble LD_LIBRARY_PATH=/home/alansi77/custom_flightmode/install/px4_ros2_cpp/lib:/home/alansi77/custom_flightmode/install/px4_msgs/lib:${LD_LIBRARY_PATH} PYTHONPATH=/home/alansi77/custom_flightmode/install/px4_msgs/local/lib/python3.10/dist-packages:${PYTHONPATH} /usr/bin/cmake /home/alansi77/custom_flightmode/src/px4-ros2-interface-lib/examples/cpp/modes/goto_global -DAMENT_CMAKE_SYMLINK_INSTALL=1 -DCMAKE_INSTALL_PREFIX=/home/alansi77/custom_flightmode/install/example_mode_goto_global_cpp
[7.628s] -- The C compiler identification is GNU 11.4.0
[7.628s] -- The CXX compiler identification is GNU 11.4.0
[7.629s] -- Detecting C compiler ABI info
[7.629s] -- Detecting C compiler ABI info - done
[7.630s] -- Check for working C compiler: /usr/bin/cc - skipped
[7.630s] -- Detecting C compile features
[7.630s] -- Detecting C compile features - done
[7.631s] -- Detecting CXX compiler ABI info
[7.634s] -- Detecting CXX compiler ABI info - done
[7.642s] -- Check for working CXX compiler: /usr/bin/c++ - skipped
[7.658s] -- Detecting CXX compile features
[7.658s] -- Detecting CXX compile features - done
[7.660s] -- Found eigen3_cmake_module: 0.1.1 (/opt/ros/humble/share/eigen3_cmake_module/cmake)
[7.661s] -- Found Eigen3: TRUE (found version "3.4.0") 
[7.661s] -- Found ament_cmake: 1.3.11 (/opt/ros/humble/share/ament_cmake/cmake)
[7.662s] -- Found Python3: /usr/bin/python3 (found version "3.10.12") found components: Interpreter 
[7.663s] -- Override CMake install command with custom implementation using symlinks instead of copying resources
[7.663s] -- Found rclcpp: 16.0.12 (/opt/ros/humble/share/rclcpp/cmake)
[7.667s] -- Found rosidl_generator_c: 3.1.6 (/opt/ros/humble/share/rosidl_generator_c/cmake)
[7.669s] -- Found rosidl_adapter: 3.1.6 (/opt/ros/humble/share/rosidl_adapter/cmake)
[7.669s] -- Found rosidl_generator_cpp: 3.1.6 (/opt/ros/humble/share/rosidl_generator_cpp/cmake)
[7.669s] -- Using all available rosidl_typesupport_c: rosidl_typesupport_fastrtps_c;rosidl_typesupport_introspection_c
[7.670s] -- Using all available rosidl_typesupport_cpp: rosidl_typesupport_fastrtps_cpp;rosidl_typesupport_introspection_cpp
[7.670s] -- Found rmw_implementation_cmake: 6.1.2 (/opt/ros/humble/share/rmw_implementation_cmake/cmake)
[7.670s] -- Found rmw_fastrtps_cpp: 6.2.7 (/opt/ros/humble/share/rmw_fastrtps_cpp/cmake)
[7.670s] -- Found OpenSSL: /usr/lib/x86_64-linux-gnu/libcrypto.so (found version "3.0.2")  
[7.671s] -- Found FastRTPS: /opt/ros/humble/include  
[7.671s] -- Using RMW implementation 'rmw_fastrtps_cpp' as default
[7.671s] -- Looking for pthread.h
[7.671s] -- Looking for pthread.h - found
[7.672s] -- Performing Test CMAKE_HAVE_LIBC_PTHREAD
[7.672s] -- Performing Test CMAKE_HAVE_LIBC_PTHREAD - Success
[7.676s] -- Found Threads: TRUE  
[7.677s] -- Found px4_ros2_cpp: 0.0.1 (/home/alansi77/custom_flightmode/install/px4_ros2_cpp/share/px4_ros2_cpp/cmake)
[7.680s] -- Found ament_lint_auto: 0.12.12 (/opt/ros/humble/share/ament_lint_auto/cmake)
[7.680s] -- Added test 'copyright' to check source files copyright and LICENSE
[7.681s] -- Added test 'cppcheck' to perform static code analysis on C / C++ code
[7.681s] -- Configured cppcheck include dirs: /home/alansi77/custom_flightmode/src/px4-ros2-interface-lib/examples/cpp/modes/goto_global/include
[7.681s] -- Configured cppcheck exclude dirs and/or files: 
[7.682s] -- Added test 'cpplint' to check C / C++ code against the Google style
[7.682s] -- Configured cpplint exclude dirs and/or files: 
[7.683s] -- Added test 'lint_cmake' to check CMake code style
[7.683s] -- Added test 'uncrustify' to check C / C++ code style
[7.684s] -- Configured uncrustify additional arguments: 
[7.684s] -- Added test 'xmllint' to check XML markup files
[7.684s] -- Configuring done
[7.685s] -- Generating done
[7.685s] -- Build files have been written to: /home/alansi77/custom_flightmode/build/example_mode_goto_global_cpp
[7.726s] Invoked command in '/home/alansi77/custom_flightmode/build/example_mode_goto_global_cpp' returned '0': AMENT_PREFIX_PATH=/home/alansi77/custom_flightmode/install/px4_ros2_cpp:/home/alansi77/custom_flightmode/install/px4_msgs:${AMENT_PREFIX_PATH} CMAKE_PREFIX_PATH=/home/alansi77/custom_flightmode/install/px4_ros2_cpp:/home/alansi77/custom_flightmode/install/px4_msgs:/opt/ros/humble LD_LIBRARY_PATH=/home/alansi77/custom_flightmode/install/px4_ros2_cpp/lib:/home/alansi77/custom_flightmode/install/px4_msgs/lib:${LD_LIBRARY_PATH} PYTHONPATH=/home/alansi77/custom_flightmode/install/px4_msgs/local/lib/python3.10/dist-packages:${PYTHONPATH} /usr/bin/cmake /home/alansi77/custom_flightmode/src/px4-ros2-interface-lib/examples/cpp/modes/goto_global -DAMENT_CMAKE_SYMLINK_INSTALL=1 -DCMAKE_INSTALL_PREFIX=/home/alansi77/custom_flightmode/install/example_mode_goto_global_cpp
[7.730s] Invoking command in '/home/alansi77/custom_flightmode/build/example_mode_goto_global_cpp': AMENT_PREFIX_PATH=/home/alansi77/custom_flightmode/install/px4_ros2_cpp:/home/alansi77/custom_flightmode/install/px4_msgs:${AMENT_PREFIX_PATH} CMAKE_PREFIX_PATH=/home/alansi77/custom_flightmode/install/px4_ros2_cpp:/home/alansi77/custom_flightmode/install/px4_msgs:/opt/ros/humble LD_LIBRARY_PATH=/home/alansi77/custom_flightmode/install/px4_ros2_cpp/lib:/home/alansi77/custom_flightmode/install/px4_msgs/lib:${LD_LIBRARY_PATH} PYTHONPATH=/home/alansi77/custom_flightmode/install/px4_msgs/local/lib/python3.10/dist-packages:${PYTHONPATH} /usr/bin/cmake --build /home/alansi77/custom_flightmode/build/example_mode_goto_global_cpp -- -j8 -l8
[7.812s] [ 50%] [32mBuilding CXX object CMakeFiles/example_mode_goto_global.dir/src/main.cpp.o[0m
[689.253s] [100%] [32m[1mLinking CXX executable example_mode_goto_global[0m
[690.820s] [100%] Built target example_mode_goto_global
[691.086s] Invoked command in '/home/alansi77/custom_flightmode/build/example_mode_goto_global_cpp' returned '0': AMENT_PREFIX_PATH=/home/alansi77/custom_flightmode/install/px4_ros2_cpp:/home/alansi77/custom_flightmode/install/px4_msgs:${AMENT_PREFIX_PATH} CMAKE_PREFIX_PATH=/home/alansi77/custom_flightmode/install/px4_ros2_cpp:/home/alansi77/custom_flightmode/install/px4_msgs:/opt/ros/humble LD_LIBRARY_PATH=/home/alansi77/custom_flightmode/install/px4_ros2_cpp/lib:/home/alansi77/custom_flightmode/install/px4_msgs/lib:${LD_LIBRARY_PATH} PYTHONPATH=/home/alansi77/custom_flightmode/install/px4_msgs/local/lib/python3.10/dist-packages:${PYTHONPATH} /usr/bin/cmake --build /home/alansi77/custom_flightmode/build/example_mode_goto_global_cpp -- -j8 -l8
[691.094s] Invoking command in '/home/alansi77/custom_flightmode/build/example_mode_goto_global_cpp': AMENT_PREFIX_PATH=/home/alansi77/custom_flightmode/install/px4_ros2_cpp:/home/alansi77/custom_flightmode/install/px4_msgs:${AMENT_PREFIX_PATH} CMAKE_PREFIX_PATH=/home/alansi77/custom_flightmode/install/px4_ros2_cpp:/home/alansi77/custom_flightmode/install/px4_msgs:/opt/ros/humble LD_LIBRARY_PATH=/home/alansi77/custom_flightmode/install/px4_ros2_cpp/lib:/home/alansi77/custom_flightmode/install/px4_msgs/lib:${LD_LIBRARY_PATH} PYTHONPATH=/home/alansi77/custom_flightmode/install/px4_msgs/local/lib/python3.10/dist-packages:${PYTHONPATH} /usr/bin/cmake --install /home/alansi77/custom_flightmode/build/example_mode_goto_global_cpp
[691.105s] -- Install configuration: ""
[691.107s] -- Execute custom install script
[691.110s] -- Symlinking: /home/alansi77/custom_flightmode/install/example_mode_goto_global_cpp/lib/example_mode_goto_global_cpp/example_mode_goto_global
[691.127s] -- Symlinking: /home/alansi77/custom_flightmode/install/example_mode_goto_global_cpp/share/ament_index/resource_index/package_run_dependencies/example_mode_goto_global_cpp
[691.141s] -- Symlinking: /home/alansi77/custom_flightmode/install/example_mode_goto_global_cpp/share/ament_index/resource_index/parent_prefix_path/example_mode_goto_global_cpp
[691.154s] -- Symlinking: /home/alansi77/custom_flightmode/install/example_mode_goto_global_cpp/share/example_mode_goto_global_cpp/environment/ament_prefix_path.sh
[691.168s] -- Symlinking: /home/alansi77/custom_flightmode/install/example_mode_goto_global_cpp/share/example_mode_goto_global_cpp/environment/ament_prefix_path.dsv
[691.180s] -- Symlinking: /home/alansi77/custom_flightmode/install/example_mode_goto_global_cpp/share/example_mode_goto_global_cpp/environment/path.sh
[691.192s] -- Symlinking: /home/alansi77/custom_flightmode/install/example_mode_goto_global_cpp/share/example_mode_goto_global_cpp/environment/path.dsv
[691.205s] -- Symlinking: /home/alansi77/custom_flightmode/install/example_mode_goto_global_cpp/share/example_mode_goto_global_cpp/local_setup.bash
[691.218s] -- Symlinking: /home/alansi77/custom_flightmode/install/example_mode_goto_global_cpp/share/example_mode_goto_global_cpp/local_setup.sh
[691.231s] -- Symlinking: /home/alansi77/custom_flightmode/install/example_mode_goto_global_cpp/share/example_mode_goto_global_cpp/local_setup.zsh
[691.243s] -- Symlinking: /home/alansi77/custom_flightmode/install/example_mode_goto_global_cpp/share/example_mode_goto_global_cpp/local_setup.dsv
[691.256s] -- Symlinking: /home/alansi77/custom_flightmode/install/example_mode_goto_global_cpp/share/example_mode_goto_global_cpp/package.dsv
[691.270s] -- Symlinking: /home/alansi77/custom_flightmode/install/example_mode_goto_global_cpp/share/ament_index/resource_index/packages/example_mode_goto_global_cpp
[691.284s] -- Symlinking: /home/alansi77/custom_flightmode/install/example_mode_goto_global_cpp/share/example_mode_goto_global_cpp/cmake/example_mode_goto_global_cppConfig.cmake
[691.297s] -- Symlinking: /home/alansi77/custom_flightmode/install/example_mode_goto_global_cpp/share/example_mode_goto_global_cpp/cmake/example_mode_goto_global_cppConfig-version.cmake
[691.310s] -- Symlinking: /home/alansi77/custom_flightmode/install/example_mode_goto_global_cpp/share/example_mode_goto_global_cpp/package.xml
[691.327s] Invoked command in '/home/alansi77/custom_flightmode/build/example_mode_goto_global_cpp' returned '0': AMENT_PREFIX_PATH=/home/alansi77/custom_flightmode/install/px4_ros2_cpp:/home/alansi77/custom_flightmode/install/px4_msgs:${AMENT_PREFIX_PATH} CMAKE_PREFIX_PATH=/home/alansi77/custom_flightmode/install/px4_ros2_cpp:/home/alansi77/custom_flightmode/install/px4_msgs:/opt/ros/humble LD_LIBRARY_PATH=/home/alansi77/custom_flightmode/install/px4_ros2_cpp/lib:/home/alansi77/custom_flightmode/install/px4_msgs/lib:${LD_LIBRARY_PATH} PYTHONPATH=/home/alansi77/custom_flightmode/install/px4_msgs/local/lib/python3.10/dist-packages:${PYTHONPATH} /usr/bin/cmake --install /home/alansi77/custom_flightmode/build/example_mode_goto_global_cpp
