[0.169s] Invoking command in '/home/alansi77/custom_flightmode/build/example_mode_fw_attitude_cpp': AMENT_PREFIX_PATH=/home/alansi77/custom_flightmode/install/px4_ros2_cpp:/home/alansi77/custom_flightmode/install/px4_msgs:${AMENT_PREFIX_PATH} CMAKE_PREFIX_PATH=/home/alansi77/custom_flightmode/install/px4_ros2_cpp:/home/alansi77/custom_flightmode/install/px4_msgs:/opt/ros/humble LD_LIBRARY_PATH=/home/alansi77/custom_flightmode/install/px4_ros2_cpp/lib:/home/alansi77/custom_flightmode/install/px4_msgs/lib:${LD_LIBRARY_PATH} PYTHONPATH=/home/alansi77/custom_flightmode/install/px4_msgs/local/lib/python3.10/dist-packages:${PYTHONPATH} /usr/bin/cmake /home/alansi77/custom_flightmode/src/px4-ros2-interface-lib/examples/cpp/modes/fw_attitude -DAMENT_CMAKE_SYMLINK_INSTALL=1 -DCMAKE_INSTALL_PREFIX=/home/alansi77/custom_flightmode/install/example_mode_fw_attitude_cpp
[0.518s] -- The C compiler identification is GNU 11.4.0
[0.973s] -- The CXX compiler identification is GNU 11.4.0
[1.136s] -- Detecting C compiler ABI info
[1.362s] -- Detecting C compiler ABI info - done
[1.390s] -- Check for working C compiler: /usr/bin/cc - skipped
[1.391s] -- Detecting C compile features
[1.391s] -- Detecting C compile features - done
[1.394s] -- Detecting CXX compiler ABI info
[1.660s] -- Detecting CXX compiler ABI info - done
[1.680s] -- Check for working CXX compiler: /usr/bin/c++ - skipped
[1.681s] -- Detecting CXX compile features
[1.682s] -- Detecting CXX compile features - done
[1.732s] -- Found ament_cmake: 1.3.11 (/opt/ros/humble/share/ament_cmake/cmake)
[2.377s] -- Found Python3: /usr/bin/python3 (found version "3.10.12") found components: Interpreter 
[2.720s] -- Override CMake install command with custom implementation using symlinks instead of copying resources
[2.848s] -- Found rclcpp: 16.0.12 (/opt/ros/humble/share/rclcpp/cmake)
[3.124s] -- Found rosidl_generator_c: 3.1.6 (/opt/ros/humble/share/rosidl_generator_c/cmake)
[3.142s] -- Found rosidl_adapter: 3.1.6 (/opt/ros/humble/share/rosidl_adapter/cmake)
[3.182s] -- Found rosidl_generator_cpp: 3.1.6 (/opt/ros/humble/share/rosidl_generator_cpp/cmake)
[3.243s] -- Using all available rosidl_typesupport_c: rosidl_typesupport_fastrtps_c;rosidl_typesupport_introspection_c
[3.318s] -- Using all available rosidl_typesupport_cpp: rosidl_typesupport_fastrtps_cpp;rosidl_typesupport_introspection_cpp
[3.519s] -- Found rmw_implementation_cmake: 6.1.2 (/opt/ros/humble/share/rmw_implementation_cmake/cmake)
[3.531s] -- Found rmw_fastrtps_cpp: 6.2.7 (/opt/ros/humble/share/rmw_fastrtps_cpp/cmake)
[4.379s] -- Found OpenSSL: /usr/lib/x86_64-linux-gnu/libcrypto.so (found version "3.0.2")  
[5.044s] -- Found FastRTPS: /opt/ros/humble/include  
[6.770s] -- Using RMW implementation 'rmw_fastrtps_cpp' as default
[6.791s] -- Looking for pthread.h
[7.033s] -- Looking for pthread.h - found
[7.035s] -- Performing Test CMAKE_HAVE_LIBC_PTHREAD
[7.265s] -- Performing Test CMAKE_HAVE_LIBC_PTHREAD - Success
[7.268s] -- Found Threads: TRUE  
[7.422s] -- Found px4_ros2_cpp: 0.0.1 (/home/alansi77/custom_flightmode/install/px4_ros2_cpp/share/px4_ros2_cpp/cmake)
[7.499s] -- Found ament_lint_auto: 0.12.12 (/opt/ros/humble/share/ament_lint_auto/cmake)
[7.810s] -- Added test 'copyright' to check source files copyright and LICENSE
[7.821s] -- Added test 'cppcheck' to perform static code analysis on C / C++ code
[7.822s] -- Configured cppcheck include dirs: /home/alansi77/custom_flightmode/src/px4-ros2-interface-lib/examples/cpp/modes/fw_attitude/include
[7.823s] -- Configured cppcheck exclude dirs and/or files: 
[7.823s] -- Added test 'cpplint' to check C / C++ code against the Google style
[7.823s] -- Configured cpplint exclude dirs and/or files: 
[7.824s] -- Added test 'lint_cmake' to check CMake code style
[7.831s] -- Added test 'uncrustify' to check C / C++ code style
[7.833s] -- Configured uncrustify additional arguments: 
[7.834s] -- Added test 'xmllint' to check XML markup files
[7.837s] -- Configuring done
[7.872s] -- Generating done
[7.884s] -- Build files have been written to: /home/alansi77/custom_flightmode/build/example_mode_fw_attitude_cpp
[7.915s] Invoked command in '/home/alansi77/custom_flightmode/build/example_mode_fw_attitude_cpp' returned '0': AMENT_PREFIX_PATH=/home/alansi77/custom_flightmode/install/px4_ros2_cpp:/home/alansi77/custom_flightmode/install/px4_msgs:${AMENT_PREFIX_PATH} CMAKE_PREFIX_PATH=/home/alansi77/custom_flightmode/install/px4_ros2_cpp:/home/alansi77/custom_flightmode/install/px4_msgs:/opt/ros/humble LD_LIBRARY_PATH=/home/alansi77/custom_flightmode/install/px4_ros2_cpp/lib:/home/alansi77/custom_flightmode/install/px4_msgs/lib:${LD_LIBRARY_PATH} PYTHONPATH=/home/alansi77/custom_flightmode/install/px4_msgs/local/lib/python3.10/dist-packages:${PYTHONPATH} /usr/bin/cmake /home/alansi77/custom_flightmode/src/px4-ros2-interface-lib/examples/cpp/modes/fw_attitude -DAMENT_CMAKE_SYMLINK_INSTALL=1 -DCMAKE_INSTALL_PREFIX=/home/alansi77/custom_flightmode/install/example_mode_fw_attitude_cpp
[7.919s] Invoking command in '/home/alansi77/custom_flightmode/build/example_mode_fw_attitude_cpp': AMENT_PREFIX_PATH=/home/alansi77/custom_flightmode/install/px4_ros2_cpp:/home/alansi77/custom_flightmode/install/px4_msgs:${AMENT_PREFIX_PATH} CMAKE_PREFIX_PATH=/home/alansi77/custom_flightmode/install/px4_ros2_cpp:/home/alansi77/custom_flightmode/install/px4_msgs:/opt/ros/humble LD_LIBRARY_PATH=/home/alansi77/custom_flightmode/install/px4_ros2_cpp/lib:/home/alansi77/custom_flightmode/install/px4_msgs/lib:${LD_LIBRARY_PATH} PYTHONPATH=/home/alansi77/custom_flightmode/install/px4_msgs/local/lib/python3.10/dist-packages:${PYTHONPATH} /usr/bin/cmake --build /home/alansi77/custom_flightmode/build/example_mode_fw_attitude_cpp -- -j8 -l8
[551.321s] [ 50%] [32mBuilding CXX object CMakeFiles/example_mode_fw_attitude.dir/src/main.cpp.o[0m
[685.586s] [100%] [32m[1mLinking CXX executable example_mode_fw_attitude[0m
[687.212s] [100%] Built target example_mode_fw_attitude
[687.508s] Invoked command in '/home/alansi77/custom_flightmode/build/example_mode_fw_attitude_cpp' returned '0': AMENT_PREFIX_PATH=/home/alansi77/custom_flightmode/install/px4_ros2_cpp:/home/alansi77/custom_flightmode/install/px4_msgs:${AMENT_PREFIX_PATH} CMAKE_PREFIX_PATH=/home/alansi77/custom_flightmode/install/px4_ros2_cpp:/home/alansi77/custom_flightmode/install/px4_msgs:/opt/ros/humble LD_LIBRARY_PATH=/home/alansi77/custom_flightmode/install/px4_ros2_cpp/lib:/home/alansi77/custom_flightmode/install/px4_msgs/lib:${LD_LIBRARY_PATH} PYTHONPATH=/home/alansi77/custom_flightmode/install/px4_msgs/local/lib/python3.10/dist-packages:${PYTHONPATH} /usr/bin/cmake --build /home/alansi77/custom_flightmode/build/example_mode_fw_attitude_cpp -- -j8 -l8
[687.525s] Invoking command in '/home/alansi77/custom_flightmode/build/example_mode_fw_attitude_cpp': AMENT_PREFIX_PATH=/home/alansi77/custom_flightmode/install/px4_ros2_cpp:/home/alansi77/custom_flightmode/install/px4_msgs:${AMENT_PREFIX_PATH} CMAKE_PREFIX_PATH=/home/alansi77/custom_flightmode/install/px4_ros2_cpp:/home/alansi77/custom_flightmode/install/px4_msgs:/opt/ros/humble LD_LIBRARY_PATH=/home/alansi77/custom_flightmode/install/px4_ros2_cpp/lib:/home/alansi77/custom_flightmode/install/px4_msgs/lib:${LD_LIBRARY_PATH} PYTHONPATH=/home/alansi77/custom_flightmode/install/px4_msgs/local/lib/python3.10/dist-packages:${PYTHONPATH} /usr/bin/cmake --install /home/alansi77/custom_flightmode/build/example_mode_fw_attitude_cpp
[687.529s] -- Install configuration: ""
[687.532s] -- Execute custom install script
[687.534s] -- Symlinking: /home/alansi77/custom_flightmode/install/example_mode_fw_attitude_cpp/lib/example_mode_fw_attitude_cpp/example_mode_fw_attitude
[687.552s] -- Symlinking: /home/alansi77/custom_flightmode/install/example_mode_fw_attitude_cpp/share/ament_index/resource_index/package_run_dependencies/example_mode_fw_attitude_cpp
[687.565s] -- Symlinking: /home/alansi77/custom_flightmode/install/example_mode_fw_attitude_cpp/share/ament_index/resource_index/parent_prefix_path/example_mode_fw_attitude_cpp
[687.577s] -- Symlinking: /home/alansi77/custom_flightmode/install/example_mode_fw_attitude_cpp/share/example_mode_fw_attitude_cpp/environment/ament_prefix_path.sh
[687.590s] -- Symlinking: /home/alansi77/custom_flightmode/install/example_mode_fw_attitude_cpp/share/example_mode_fw_attitude_cpp/environment/ament_prefix_path.dsv
[687.602s] -- Symlinking: /home/alansi77/custom_flightmode/install/example_mode_fw_attitude_cpp/share/example_mode_fw_attitude_cpp/environment/path.sh
[687.614s] -- Symlinking: /home/alansi77/custom_flightmode/install/example_mode_fw_attitude_cpp/share/example_mode_fw_attitude_cpp/environment/path.dsv
[687.626s] -- Symlinking: /home/alansi77/custom_flightmode/install/example_mode_fw_attitude_cpp/share/example_mode_fw_attitude_cpp/local_setup.bash
[687.638s] -- Symlinking: /home/alansi77/custom_flightmode/install/example_mode_fw_attitude_cpp/share/example_mode_fw_attitude_cpp/local_setup.sh
[687.650s] -- Symlinking: /home/alansi77/custom_flightmode/install/example_mode_fw_attitude_cpp/share/example_mode_fw_attitude_cpp/local_setup.zsh
[687.662s] -- Symlinking: /home/alansi77/custom_flightmode/install/example_mode_fw_attitude_cpp/share/example_mode_fw_attitude_cpp/local_setup.dsv
[687.674s] -- Symlinking: /home/alansi77/custom_flightmode/install/example_mode_fw_attitude_cpp/share/example_mode_fw_attitude_cpp/package.dsv
[687.687s] -- Symlinking: /home/alansi77/custom_flightmode/install/example_mode_fw_attitude_cpp/share/ament_index/resource_index/packages/example_mode_fw_attitude_cpp
[687.700s] -- Symlinking: /home/alansi77/custom_flightmode/install/example_mode_fw_attitude_cpp/share/example_mode_fw_attitude_cpp/cmake/example_mode_fw_attitude_cppConfig.cmake
[687.712s] -- Symlinking: /home/alansi77/custom_flightmode/install/example_mode_fw_attitude_cpp/share/example_mode_fw_attitude_cpp/cmake/example_mode_fw_attitude_cppConfig-version.cmake
[687.726s] -- Symlinking: /home/alansi77/custom_flightmode/install/example_mode_fw_attitude_cpp/share/example_mode_fw_attitude_cpp/package.xml
[687.750s] Invoked command in '/home/alansi77/custom_flightmode/build/example_mode_fw_attitude_cpp' returned '0': AMENT_PREFIX_PATH=/home/alansi77/custom_flightmode/install/px4_ros2_cpp:/home/alansi77/custom_flightmode/install/px4_msgs:${AMENT_PREFIX_PATH} CMAKE_PREFIX_PATH=/home/alansi77/custom_flightmode/install/px4_ros2_cpp:/home/alansi77/custom_flightmode/install/px4_msgs:/opt/ros/humble LD_LIBRARY_PATH=/home/alansi77/custom_flightmode/install/px4_ros2_cpp/lib:/home/alansi77/custom_flightmode/install/px4_msgs/lib:${LD_LIBRARY_PATH} PYTHONPATH=/home/alansi77/custom_flightmode/install/px4_msgs/local/lib/python3.10/dist-packages:${PYTHONPATH} /usr/bin/cmake --install /home/alansi77/custom_flightmode/build/example_mode_fw_attitude_cpp
