[0.100s] Invoking command in '/home/alansi77/custom_flightmode/build/example_mode_with_executor_cpp': AMENT_PREFIX_PATH=/home/alansi77/custom_flightmode/install/px4_ros2_cpp:/home/alansi77/custom_flightmode/install/px4_msgs:${AMENT_PREFIX_PATH} CMAKE_PREFIX_PATH=/home/alansi77/custom_flightmode/install/px4_ros2_cpp:/home/alansi77/custom_flightmode/install/px4_msgs:/opt/ros/humble LD_LIBRARY_PATH=/home/alansi77/custom_flightmode/install/px4_ros2_cpp/lib:/home/alansi77/custom_flightmode/install/px4_msgs/lib:${LD_LIBRARY_PATH} PYTHONPATH=/home/alansi77/custom_flightmode/install/px4_msgs/local/lib/python3.10/dist-packages:${PYTHONPATH} /usr/bin/cmake /home/alansi77/custom_flightmode/src/px4-ros2-interface-lib/examples/cpp/modes/mode_with_executor -DAMENT_CMAKE_SYMLINK_INSTALL=1 -DCMAKE_INSTALL_PREFIX=/home/alansi77/custom_flightmode/install/example_mode_with_executor_cpp
[7.411s] -- The C compiler identification is GNU 11.4.0
[7.411s] -- The CXX compiler identification is GNU 11.4.0
[7.412s] -- Detecting C compiler ABI info
[7.412s] -- Detecting C compiler ABI info - done
[7.412s] -- Check for working C compiler: /usr/bin/cc - skipped
[7.413s] -- Detecting C compile features
[7.426s] -- Detecting C compile features - done
[7.461s] -- Detecting CXX compiler ABI info
[7.462s] -- Detecting CXX compiler ABI info - done
[7.463s] -- Check for working CXX compiler: /usr/bin/c++ - skipped
[7.463s] -- Detecting CXX compile features
[7.464s] -- Detecting CXX compile features - done
[7.464s] -- Found eigen3_cmake_module: 0.1.1 (/opt/ros/humble/share/eigen3_cmake_module/cmake)
[7.464s] -- Found Eigen3: TRUE (found version "3.4.0") 
[7.465s] -- Found ament_cmake: 1.3.11 (/opt/ros/humble/share/ament_cmake/cmake)
[7.465s] -- Found Python3: /usr/bin/python3 (found version "3.10.12") found components: Interpreter 
[7.467s] -- Override CMake install command with custom implementation using symlinks instead of copying resources
[7.467s] -- Found rclcpp: 16.0.12 (/opt/ros/humble/share/rclcpp/cmake)
[7.469s] -- Found rosidl_generator_c: 3.1.6 (/opt/ros/humble/share/rosidl_generator_c/cmake)
[7.469s] -- Found rosidl_adapter: 3.1.6 (/opt/ros/humble/share/rosidl_adapter/cmake)
[7.470s] -- Found rosidl_generator_cpp: 3.1.6 (/opt/ros/humble/share/rosidl_generator_cpp/cmake)
[7.470s] -- Using all available rosidl_typesupport_c: rosidl_typesupport_fastrtps_c;rosidl_typesupport_introspection_c
[7.471s] -- Using all available rosidl_typesupport_cpp: rosidl_typesupport_fastrtps_cpp;rosidl_typesupport_introspection_cpp
[7.471s] -- Found rmw_implementation_cmake: 6.1.2 (/opt/ros/humble/share/rmw_implementation_cmake/cmake)
[7.471s] -- Found rmw_fastrtps_cpp: 6.2.7 (/opt/ros/humble/share/rmw_fastrtps_cpp/cmake)
[7.472s] -- Found OpenSSL: /usr/lib/x86_64-linux-gnu/libcrypto.so (found version "3.0.2")  
[7.472s] -- Found FastRTPS: /opt/ros/humble/include  
[7.473s] -- Using RMW implementation 'rmw_fastrtps_cpp' as default
[7.473s] -- Looking for pthread.h
[7.473s] -- Looking for pthread.h - found
[7.473s] -- Performing Test CMAKE_HAVE_LIBC_PTHREAD
[7.473s] -- Performing Test CMAKE_HAVE_LIBC_PTHREAD - Success
[7.474s] -- Found Threads: TRUE  
[7.474s] -- Found px4_ros2_cpp: 0.0.1 (/home/alansi77/custom_flightmode/install/px4_ros2_cpp/share/px4_ros2_cpp/cmake)
[7.474s] -- Found ament_lint_auto: 0.12.12 (/opt/ros/humble/share/ament_lint_auto/cmake)
[7.474s] -- Added test 'copyright' to check source files copyright and LICENSE
[7.475s] -- Added test 'cppcheck' to perform static code analysis on C / C++ code
[7.475s] -- Configured cppcheck include dirs: /home/alansi77/custom_flightmode/src/px4-ros2-interface-lib/examples/cpp/modes/mode_with_executor/include
[7.475s] -- Configured cppcheck exclude dirs and/or files: 
[7.475s] -- Added test 'cpplint' to check C / C++ code against the Google style
[7.475s] -- Configured cpplint exclude dirs and/or files: 
[7.476s] -- Added test 'lint_cmake' to check CMake code style
[7.476s] -- Added test 'uncrustify' to check C / C++ code style
[7.476s] -- Configured uncrustify additional arguments: 
[7.476s] -- Added test 'xmllint' to check XML markup files
[7.477s] -- Configuring done
[7.477s] -- Generating done
[7.477s] -- Build files have been written to: /home/alansi77/custom_flightmode/build/example_mode_with_executor_cpp
[7.478s] Invoked command in '/home/alansi77/custom_flightmode/build/example_mode_with_executor_cpp' returned '0': AMENT_PREFIX_PATH=/home/alansi77/custom_flightmode/install/px4_ros2_cpp:/home/alansi77/custom_flightmode/install/px4_msgs:${AMENT_PREFIX_PATH} CMAKE_PREFIX_PATH=/home/alansi77/custom_flightmode/install/px4_ros2_cpp:/home/alansi77/custom_flightmode/install/px4_msgs:/opt/ros/humble LD_LIBRARY_PATH=/home/alansi77/custom_flightmode/install/px4_ros2_cpp/lib:/home/alansi77/custom_flightmode/install/px4_msgs/lib:${LD_LIBRARY_PATH} PYTHONPATH=/home/alansi77/custom_flightmode/install/px4_msgs/local/lib/python3.10/dist-packages:${PYTHONPATH} /usr/bin/cmake /home/alansi77/custom_flightmode/src/px4-ros2-interface-lib/examples/cpp/modes/mode_with_executor -DAMENT_CMAKE_SYMLINK_INSTALL=1 -DCMAKE_INSTALL_PREFIX=/home/alansi77/custom_flightmode/install/example_mode_with_executor_cpp
[7.478s] Invoking command in '/home/alansi77/custom_flightmode/build/example_mode_with_executor_cpp': AMENT_PREFIX_PATH=/home/alansi77/custom_flightmode/install/px4_ros2_cpp:/home/alansi77/custom_flightmode/install/px4_msgs:${AMENT_PREFIX_PATH} CMAKE_PREFIX_PATH=/home/alansi77/custom_flightmode/install/px4_ros2_cpp:/home/alansi77/custom_flightmode/install/px4_msgs:/opt/ros/humble LD_LIBRARY_PATH=/home/alansi77/custom_flightmode/install/px4_ros2_cpp/lib:/home/alansi77/custom_flightmode/install/px4_msgs/lib:${LD_LIBRARY_PATH} PYTHONPATH=/home/alansi77/custom_flightmode/install/px4_msgs/local/lib/python3.10/dist-packages:${PYTHONPATH} /usr/bin/cmake --build /home/alansi77/custom_flightmode/build/example_mode_with_executor_cpp -- -j8 -l8
[56.388s] [ 50%] [32mBuilding CXX object CMakeFiles/example_mode_with_executor.dir/src/main.cpp.o[0m
[56.416s] [100%] [32m[1mLinking CXX executable example_mode_with_executor[0m
[56.416s] [100%] Built target example_mode_with_executor
[57.195s] Invoked command in '/home/alansi77/custom_flightmode/build/example_mode_with_executor_cpp' returned '0': AMENT_PREFIX_PATH=/home/alansi77/custom_flightmode/install/px4_ros2_cpp:/home/alansi77/custom_flightmode/install/px4_msgs:${AMENT_PREFIX_PATH} CMAKE_PREFIX_PATH=/home/alansi77/custom_flightmode/install/px4_ros2_cpp:/home/alansi77/custom_flightmode/install/px4_msgs:/opt/ros/humble LD_LIBRARY_PATH=/home/alansi77/custom_flightmode/install/px4_ros2_cpp/lib:/home/alansi77/custom_flightmode/install/px4_msgs/lib:${LD_LIBRARY_PATH} PYTHONPATH=/home/alansi77/custom_flightmode/install/px4_msgs/local/lib/python3.10/dist-packages:${PYTHONPATH} /usr/bin/cmake --build /home/alansi77/custom_flightmode/build/example_mode_with_executor_cpp -- -j8 -l8
[57.208s] Invoking command in '/home/alansi77/custom_flightmode/build/example_mode_with_executor_cpp': AMENT_PREFIX_PATH=/home/alansi77/custom_flightmode/install/px4_ros2_cpp:/home/alansi77/custom_flightmode/install/px4_msgs:${AMENT_PREFIX_PATH} CMAKE_PREFIX_PATH=/home/alansi77/custom_flightmode/install/px4_ros2_cpp:/home/alansi77/custom_flightmode/install/px4_msgs:/opt/ros/humble LD_LIBRARY_PATH=/home/alansi77/custom_flightmode/install/px4_ros2_cpp/lib:/home/alansi77/custom_flightmode/install/px4_msgs/lib:${LD_LIBRARY_PATH} PYTHONPATH=/home/alansi77/custom_flightmode/install/px4_msgs/local/lib/python3.10/dist-packages:${PYTHONPATH} /usr/bin/cmake --install /home/alansi77/custom_flightmode/build/example_mode_with_executor_cpp
[57.503s] -- Install configuration: ""
[57.532s] -- Execute custom install script
[57.558s] -- Symlinking: /home/alansi77/custom_flightmode/install/example_mode_with_executor_cpp/lib/example_mode_with_executor_cpp/example_mode_with_executor
[57.629s] -- Symlinking: /home/alansi77/custom_flightmode/install/example_mode_with_executor_cpp/share/ament_index/resource_index/package_run_dependencies/example_mode_with_executor_cpp
[57.664s] -- Symlinking: /home/alansi77/custom_flightmode/install/example_mode_with_executor_cpp/share/ament_index/resource_index/parent_prefix_path/example_mode_with_executor_cpp
[57.698s] -- Symlinking: /home/alansi77/custom_flightmode/install/example_mode_with_executor_cpp/share/example_mode_with_executor_cpp/environment/ament_prefix_path.sh
[57.699s] -- Symlinking: /home/alansi77/custom_flightmode/install/example_mode_with_executor_cpp/share/example_mode_with_executor_cpp/environment/ament_prefix_path.dsv
[57.707s] -- Symlinking: /home/alansi77/custom_flightmode/install/example_mode_with_executor_cpp/share/example_mode_with_executor_cpp/environment/path.sh
[57.712s] -- Symlinking: /home/alansi77/custom_flightmode/install/example_mode_with_executor_cpp/share/example_mode_with_executor_cpp/environment/path.dsv
[57.712s] -- Symlinking: /home/alansi77/custom_flightmode/install/example_mode_with_executor_cpp/share/example_mode_with_executor_cpp/local_setup.bash
[57.713s] -- Symlinking: /home/alansi77/custom_flightmode/install/example_mode_with_executor_cpp/share/example_mode_with_executor_cpp/local_setup.sh
[57.713s] -- Symlinking: /home/alansi77/custom_flightmode/install/example_mode_with_executor_cpp/share/example_mode_with_executor_cpp/local_setup.zsh
[57.714s] -- Symlinking: /home/alansi77/custom_flightmode/install/example_mode_with_executor_cpp/share/example_mode_with_executor_cpp/local_setup.dsv
[57.714s] -- Symlinking: /home/alansi77/custom_flightmode/install/example_mode_with_executor_cpp/share/example_mode_with_executor_cpp/package.dsv
[57.714s] -- Symlinking: /home/alansi77/custom_flightmode/install/example_mode_with_executor_cpp/share/ament_index/resource_index/packages/example_mode_with_executor_cpp
[57.715s] -- Symlinking: /home/alansi77/custom_flightmode/install/example_mode_with_executor_cpp/share/example_mode_with_executor_cpp/cmake/example_mode_with_executor_cppConfig.cmake
[57.715s] -- Symlinking: /home/alansi77/custom_flightmode/install/example_mode_with_executor_cpp/share/example_mode_with_executor_cpp/cmake/example_mode_with_executor_cppConfig-version.cmake
[57.715s] -- Symlinking: /home/alansi77/custom_flightmode/install/example_mode_with_executor_cpp/share/example_mode_with_executor_cpp/package.xml
[58.256s] Invoked command in '/home/alansi77/custom_flightmode/build/example_mode_with_executor_cpp' returned '0': AMENT_PREFIX_PATH=/home/alansi77/custom_flightmode/install/px4_ros2_cpp:/home/alansi77/custom_flightmode/install/px4_msgs:${AMENT_PREFIX_PATH} CMAKE_PREFIX_PATH=/home/alansi77/custom_flightmode/install/px4_ros2_cpp:/home/alansi77/custom_flightmode/install/px4_msgs:/opt/ros/humble LD_LIBRARY_PATH=/home/alansi77/custom_flightmode/install/px4_ros2_cpp/lib:/home/alansi77/custom_flightmode/install/px4_msgs/lib:${LD_LIBRARY_PATH} PYTHONPATH=/home/alansi77/custom_flightmode/install/px4_msgs/local/lib/python3.10/dist-packages:${PYTHONPATH} /usr/bin/cmake --install /home/alansi77/custom_flightmode/build/example_mode_with_executor_cpp
