[0.152s] Invoking command in '/home/alansi77/custom_flightmode/build/example_global_navigation_cpp': AMENT_PREFIX_PATH=/home/alansi77/custom_flightmode/install/px4_ros2_cpp:/home/alansi77/custom_flightmode/install/px4_msgs:${AMENT_PREFIX_PATH} CMAKE_PREFIX_PATH=/home/alansi77/custom_flightmode/install/px4_ros2_cpp:/home/alansi77/custom_flightmode/install/px4_msgs:/opt/ros/humble LD_LIBRARY_PATH=/home/alansi77/custom_flightmode/install/px4_ros2_cpp/lib:/home/alansi77/custom_flightmode/install/px4_msgs/lib:${LD_LIBRARY_PATH} PYTHONPATH=/home/alansi77/custom_flightmode/install/px4_msgs/local/lib/python3.10/dist-packages:${PYTHONPATH} /usr/bin/cmake /home/alansi77/custom_flightmode/src/px4-ros2-interface-lib/examples/cpp/navigation/global_navigation -DAMENT_CMAKE_SYMLINK_INSTALL=1 -DCMAKE_INSTALL_PREFIX=/home/alansi77/custom_flightmode/install/example_global_navigation_cpp
[0.550s] -- The C compiler identification is GNU 11.4.0
[1.006s] -- The CXX compiler identification is GNU 11.4.0
[1.126s] -- Detecting C compiler ABI info
[1.349s] -- Detecting C compiler ABI info - done
[1.380s] -- Check for working C compiler: /usr/bin/cc - skipped
[1.386s] -- Detecting C compile features
[1.389s] -- Detecting C compile features - done
[1.401s] -- Detecting CXX compiler ABI info
[1.691s] -- Detecting CXX compiler ABI info - done
[1.708s] -- Check for working CXX compiler: /usr/bin/c++ - skipped
[1.709s] -- Detecting CXX compile features
[1.710s] -- Detecting CXX compile features - done
[1.714s] -- Found eigen3_cmake_module: 0.1.1 (/opt/ros/humble/share/eigen3_cmake_module/cmake)
[1.756s] -- Found Eigen3: TRUE (found version "3.4.0") 
[1.760s] -- Found ament_cmake: 1.3.11 (/opt/ros/humble/share/ament_cmake/cmake)
[2.396s] -- Found Python3: /usr/bin/python3 (found version "3.10.12") found components: Interpreter 
[2.740s] -- Override CMake install command with custom implementation using symlinks instead of copying resources
[2.866s] -- Found rclcpp: 16.0.12 (/opt/ros/humble/share/rclcpp/cmake)
[3.143s] -- Found rosidl_generator_c: 3.1.6 (/opt/ros/humble/share/rosidl_generator_c/cmake)
[3.162s] -- Found rosidl_adapter: 3.1.6 (/opt/ros/humble/share/rosidl_adapter/cmake)
[3.202s] -- Found rosidl_generator_cpp: 3.1.6 (/opt/ros/humble/share/rosidl_generator_cpp/cmake)
[3.263s] -- Using all available rosidl_typesupport_c: rosidl_typesupport_fastrtps_c;rosidl_typesupport_introspection_c
[3.338s] -- Using all available rosidl_typesupport_cpp: rosidl_typesupport_fastrtps_cpp;rosidl_typesupport_introspection_cpp
[3.540s] -- Found rmw_implementation_cmake: 6.1.2 (/opt/ros/humble/share/rmw_implementation_cmake/cmake)
[3.551s] -- Found rmw_fastrtps_cpp: 6.2.7 (/opt/ros/humble/share/rmw_fastrtps_cpp/cmake)
[4.398s] -- Found OpenSSL: /usr/lib/x86_64-linux-gnu/libcrypto.so (found version "3.0.2")  
[5.506s] -- Found FastRTPS: /opt/ros/humble/include  
[6.790s] -- Using RMW implementation 'rmw_fastrtps_cpp' as default
[6.811s] -- Looking for pthread.h
[7.033s] -- Looking for pthread.h - found
[7.033s] -- Performing Test CMAKE_HAVE_LIBC_PTHREAD
[7.270s] -- Performing Test CMAKE_HAVE_LIBC_PTHREAD - Success
[7.270s] -- Found Threads: TRUE  
[7.436s] -- Found px4_ros2_cpp: 0.0.1 (/home/alansi77/custom_flightmode/install/px4_ros2_cpp/share/px4_ros2_cpp/cmake)
[7.478s] -- Found ament_lint_auto: 0.12.12 (/opt/ros/humble/share/ament_lint_auto/cmake)
[7.814s] -- Added test 'copyright' to check source files copyright and LICENSE
[7.820s] -- Added test 'cppcheck' to perform static code analysis on C / C++ code
[7.821s] -- Configured cppcheck include dirs: /home/alansi77/custom_flightmode/src/px4-ros2-interface-lib/examples/cpp/navigation/global_navigation/include
[7.821s] -- Configured cppcheck exclude dirs and/or files: 
[7.822s] -- Added test 'cpplint' to check C / C++ code against the Google style
[7.822s] -- Configured cpplint exclude dirs and/or files: 
[7.823s] -- Added test 'lint_cmake' to check CMake code style
[7.824s] -- Added test 'uncrustify' to check C / C++ code style
[7.824s] -- Configured uncrustify additional arguments: 
[7.826s] -- Added test 'xmllint' to check XML markup files
[7.826s] -- Configuring done
[7.829s] -- Generating done
[7.840s] -- Build files have been written to: /home/alansi77/custom_flightmode/build/example_global_navigation_cpp
[7.871s] Invoked command in '/home/alansi77/custom_flightmode/build/example_global_navigation_cpp' returned '0': AMENT_PREFIX_PATH=/home/alansi77/custom_flightmode/install/px4_ros2_cpp:/home/alansi77/custom_flightmode/install/px4_msgs:${AMENT_PREFIX_PATH} CMAKE_PREFIX_PATH=/home/alansi77/custom_flightmode/install/px4_ros2_cpp:/home/alansi77/custom_flightmode/install/px4_msgs:/opt/ros/humble LD_LIBRARY_PATH=/home/alansi77/custom_flightmode/install/px4_ros2_cpp/lib:/home/alansi77/custom_flightmode/install/px4_msgs/lib:${LD_LIBRARY_PATH} PYTHONPATH=/home/alansi77/custom_flightmode/install/px4_msgs/local/lib/python3.10/dist-packages:${PYTHONPATH} /usr/bin/cmake /home/alansi77/custom_flightmode/src/px4-ros2-interface-lib/examples/cpp/navigation/global_navigation -DAMENT_CMAKE_SYMLINK_INSTALL=1 -DCMAKE_INSTALL_PREFIX=/home/alansi77/custom_flightmode/install/example_global_navigation_cpp
[7.876s] Invoking command in '/home/alansi77/custom_flightmode/build/example_global_navigation_cpp': AMENT_PREFIX_PATH=/home/alansi77/custom_flightmode/install/px4_ros2_cpp:/home/alansi77/custom_flightmode/install/px4_msgs:${AMENT_PREFIX_PATH} CMAKE_PREFIX_PATH=/home/alansi77/custom_flightmode/install/px4_ros2_cpp:/home/alansi77/custom_flightmode/install/px4_msgs:/opt/ros/humble LD_LIBRARY_PATH=/home/alansi77/custom_flightmode/install/px4_ros2_cpp/lib:/home/alansi77/custom_flightmode/install/px4_msgs/lib:${LD_LIBRARY_PATH} PYTHONPATH=/home/alansi77/custom_flightmode/install/px4_msgs/local/lib/python3.10/dist-packages:${PYTHONPATH} /usr/bin/cmake --build /home/alansi77/custom_flightmode/build/example_global_navigation_cpp -- -j8 -l8
[7.995s] [ 50%] [32mBuilding CXX object CMakeFiles/example_global_navigation.dir/src/main.cpp.o[0m
[546.910s] [100%] [32m[1mLinking CXX executable example_global_navigation[0m
[550.010s] [100%] Built target example_global_navigation
[552.397s] Invoked command in '/home/alansi77/custom_flightmode/build/example_global_navigation_cpp' returned '0': AMENT_PREFIX_PATH=/home/alansi77/custom_flightmode/install/px4_ros2_cpp:/home/alansi77/custom_flightmode/install/px4_msgs:${AMENT_PREFIX_PATH} CMAKE_PREFIX_PATH=/home/alansi77/custom_flightmode/install/px4_ros2_cpp:/home/alansi77/custom_flightmode/install/px4_msgs:/opt/ros/humble LD_LIBRARY_PATH=/home/alansi77/custom_flightmode/install/px4_ros2_cpp/lib:/home/alansi77/custom_flightmode/install/px4_msgs/lib:${LD_LIBRARY_PATH} PYTHONPATH=/home/alansi77/custom_flightmode/install/px4_msgs/local/lib/python3.10/dist-packages:${PYTHONPATH} /usr/bin/cmake --build /home/alansi77/custom_flightmode/build/example_global_navigation_cpp -- -j8 -l8
[552.416s] Invoking command in '/home/alansi77/custom_flightmode/build/example_global_navigation_cpp': AMENT_PREFIX_PATH=/home/alansi77/custom_flightmode/install/px4_ros2_cpp:/home/alansi77/custom_flightmode/install/px4_msgs:${AMENT_PREFIX_PATH} CMAKE_PREFIX_PATH=/home/alansi77/custom_flightmode/install/px4_ros2_cpp:/home/alansi77/custom_flightmode/install/px4_msgs:/opt/ros/humble LD_LIBRARY_PATH=/home/alansi77/custom_flightmode/install/px4_ros2_cpp/lib:/home/alansi77/custom_flightmode/install/px4_msgs/lib:${LD_LIBRARY_PATH} PYTHONPATH=/home/alansi77/custom_flightmode/install/px4_msgs/local/lib/python3.10/dist-packages:${PYTHONPATH} /usr/bin/cmake --install /home/alansi77/custom_flightmode/build/example_global_navigation_cpp
[555.128s] -- Install configuration: ""
[555.132s] -- Execute custom install script
[555.135s] -- Symlinking: /home/alansi77/custom_flightmode/install/example_global_navigation_cpp/lib/example_global_navigation_cpp/example_global_navigation
[555.135s] -- Symlinking: /home/alansi77/custom_flightmode/install/example_global_navigation_cpp/share/ament_index/resource_index/package_run_dependencies/example_global_navigation_cpp
[555.135s] -- Symlinking: /home/alansi77/custom_flightmode/install/example_global_navigation_cpp/share/ament_index/resource_index/parent_prefix_path/example_global_navigation_cpp
[555.136s] -- Symlinking: /home/alansi77/custom_flightmode/install/example_global_navigation_cpp/share/example_global_navigation_cpp/environment/ament_prefix_path.sh
[555.137s] -- Symlinking: /home/alansi77/custom_flightmode/install/example_global_navigation_cpp/share/example_global_navigation_cpp/environment/ament_prefix_path.dsv
[555.137s] -- Symlinking: /home/alansi77/custom_flightmode/install/example_global_navigation_cpp/share/example_global_navigation_cpp/environment/path.sh
[555.137s] -- Symlinking: /home/alansi77/custom_flightmode/install/example_global_navigation_cpp/share/example_global_navigation_cpp/environment/path.dsv
[555.138s] -- Symlinking: /home/alansi77/custom_flightmode/install/example_global_navigation_cpp/share/example_global_navigation_cpp/local_setup.bash
[555.138s] -- Symlinking: /home/alansi77/custom_flightmode/install/example_global_navigation_cpp/share/example_global_navigation_cpp/local_setup.sh
[555.139s] -- Symlinking: /home/alansi77/custom_flightmode/install/example_global_navigation_cpp/share/example_global_navigation_cpp/local_setup.zsh
[555.139s] -- Symlinking: /home/alansi77/custom_flightmode/install/example_global_navigation_cpp/share/example_global_navigation_cpp/local_setup.dsv
[555.140s] -- Symlinking: /home/alansi77/custom_flightmode/install/example_global_navigation_cpp/share/example_global_navigation_cpp/package.dsv
[555.140s] -- Symlinking: /home/alansi77/custom_flightmode/install/example_global_navigation_cpp/share/ament_index/resource_index/packages/example_global_navigation_cpp
[555.141s] -- Symlinking: /home/alansi77/custom_flightmode/install/example_global_navigation_cpp/share/example_global_navigation_cpp/cmake/example_global_navigation_cppConfig.cmake
[555.142s] -- Symlinking: /home/alansi77/custom_flightmode/install/example_global_navigation_cpp/share/example_global_navigation_cpp/cmake/example_global_navigation_cppConfig-version.cmake
[555.142s] -- Symlinking: /home/alansi77/custom_flightmode/install/example_global_navigation_cpp/share/example_global_navigation_cpp/package.xml
[555.217s] Invoked command in '/home/alansi77/custom_flightmode/build/example_global_navigation_cpp' returned '0': AMENT_PREFIX_PATH=/home/alansi77/custom_flightmode/install/px4_ros2_cpp:/home/alansi77/custom_flightmode/install/px4_msgs:${AMENT_PREFIX_PATH} CMAKE_PREFIX_PATH=/home/alansi77/custom_flightmode/install/px4_ros2_cpp:/home/alansi77/custom_flightmode/install/px4_msgs:/opt/ros/humble LD_LIBRARY_PATH=/home/alansi77/custom_flightmode/install/px4_ros2_cpp/lib:/home/alansi77/custom_flightmode/install/px4_msgs/lib:${LD_LIBRARY_PATH} PYTHONPATH=/home/alansi77/custom_flightmode/install/px4_msgs/local/lib/python3.10/dist-packages:${PYTHONPATH} /usr/bin/cmake --install /home/alansi77/custom_flightmode/build/example_global_navigation_cpp
