[0.120s] Invoking command in '/home/alansi77/custom_flightmode/build/example_mode_manual_cpp': AMENT_PREFIX_PATH=/home/alansi77/custom_flightmode/install/px4_ros2_cpp:/home/alansi77/custom_flightmode/install/px4_msgs:${AMENT_PREFIX_PATH} CMAKE_PREFIX_PATH=/home/alansi77/custom_flightmode/install/px4_ros2_cpp:/home/alansi77/custom_flightmode/install/px4_msgs:/opt/ros/humble LD_LIBRARY_PATH=/home/alansi77/custom_flightmode/install/px4_ros2_cpp/lib:/home/alansi77/custom_flightmode/install/px4_msgs/lib:${LD_LIBRARY_PATH} PYTHONPATH=/home/alansi77/custom_flightmode/install/px4_msgs/local/lib/python3.10/dist-packages:${PYTHONPATH} /usr/bin/cmake /home/alansi77/custom_flightmode/src/px4-ros2-interface-lib/examples/cpp/modes/manual -DAMENT_CMAKE_SYMLINK_INSTALL=1 -DCMAKE_INSTALL_PREFIX=/home/alansi77/custom_flightmode/install/example_mode_manual_cpp
[7.673s] -- The C compiler identification is GNU 11.4.0
[7.674s] -- The CXX compiler identification is GNU 11.4.0
[7.674s] -- Detecting C compiler ABI info
[7.674s] -- Detecting C compiler ABI info - done
[7.675s] -- Check for working C compiler: /usr/bin/cc - skipped
[7.675s] -- Detecting C compile features
[7.675s] -- Detecting C compile features - done
[7.676s] -- Detecting CXX compiler ABI info
[7.676s] -- Detecting CXX compiler ABI info - done
[7.677s] -- Check for working CXX compiler: /usr/bin/c++ - skipped
[7.677s] -- Detecting CXX compile features
[7.677s] -- Detecting CXX compile features - done
[7.678s] -- Found eigen3_cmake_module: 0.1.1 (/opt/ros/humble/share/eigen3_cmake_module/cmake)
[7.678s] -- Found Eigen3: TRUE (found version "3.4.0") 
[7.679s] -- Found ament_cmake: 1.3.11 (/opt/ros/humble/share/ament_cmake/cmake)
[7.679s] -- Found Python3: /usr/bin/python3 (found version "3.10.12") found components: Interpreter 
[7.679s] -- Override CMake install command with custom implementation using symlinks instead of copying resources
[7.680s] -- Found rclcpp: 16.0.12 (/opt/ros/humble/share/rclcpp/cmake)
[7.680s] -- Found rosidl_generator_c: 3.1.6 (/opt/ros/humble/share/rosidl_generator_c/cmake)
[7.680s] -- Found rosidl_adapter: 3.1.6 (/opt/ros/humble/share/rosidl_adapter/cmake)
[7.681s] -- Found rosidl_generator_cpp: 3.1.6 (/opt/ros/humble/share/rosidl_generator_cpp/cmake)
[7.681s] -- Using all available rosidl_typesupport_c: rosidl_typesupport_fastrtps_c;rosidl_typesupport_introspection_c
[7.681s] -- Using all available rosidl_typesupport_cpp: rosidl_typesupport_fastrtps_cpp;rosidl_typesupport_introspection_cpp
[7.682s] -- Found rmw_implementation_cmake: 6.1.2 (/opt/ros/humble/share/rmw_implementation_cmake/cmake)
[7.682s] -- Found rmw_fastrtps_cpp: 6.2.7 (/opt/ros/humble/share/rmw_fastrtps_cpp/cmake)
[7.683s] -- Found OpenSSL: /usr/lib/x86_64-linux-gnu/libcrypto.so (found version "3.0.2")  
[7.686s] -- Found FastRTPS: /opt/ros/humble/include  
[7.701s] -- Using RMW implementation 'rmw_fastrtps_cpp' as default
[7.701s] -- Looking for pthread.h
[7.701s] -- Looking for pthread.h - found
[7.702s] -- Performing Test CMAKE_HAVE_LIBC_PTHREAD
[7.702s] -- Performing Test CMAKE_HAVE_LIBC_PTHREAD - Success
[7.703s] -- Found Threads: TRUE  
[7.703s] -- Found px4_ros2_cpp: 0.0.1 (/home/alansi77/custom_flightmode/install/px4_ros2_cpp/share/px4_ros2_cpp/cmake)
[7.703s] -- Found ament_lint_auto: 0.12.12 (/opt/ros/humble/share/ament_lint_auto/cmake)
[7.706s] -- Added test 'copyright' to check source files copyright and LICENSE
[7.708s] -- Added test 'cppcheck' to perform static code analysis on C / C++ code
[7.710s] -- Configured cppcheck include dirs: /home/alansi77/custom_flightmode/src/px4-ros2-interface-lib/examples/cpp/modes/manual/include
[7.710s] -- Configured cppcheck exclude dirs and/or files: 
[7.710s] -- Added test 'cpplint' to check C / C++ code against the Google style
[7.711s] -- Configured cpplint exclude dirs and/or files: 
[7.711s] -- Added test 'lint_cmake' to check CMake code style
[7.711s] -- Added test 'uncrustify' to check C / C++ code style
[7.712s] -- Configured uncrustify additional arguments: 
[7.712s] -- Added test 'xmllint' to check XML markup files
[7.721s] -- Configuring done
[7.729s] -- Generating done
[7.729s] -- Build files have been written to: /home/alansi77/custom_flightmode/build/example_mode_manual_cpp
[7.754s] Invoked command in '/home/alansi77/custom_flightmode/build/example_mode_manual_cpp' returned '0': AMENT_PREFIX_PATH=/home/alansi77/custom_flightmode/install/px4_ros2_cpp:/home/alansi77/custom_flightmode/install/px4_msgs:${AMENT_PREFIX_PATH} CMAKE_PREFIX_PATH=/home/alansi77/custom_flightmode/install/px4_ros2_cpp:/home/alansi77/custom_flightmode/install/px4_msgs:/opt/ros/humble LD_LIBRARY_PATH=/home/alansi77/custom_flightmode/install/px4_ros2_cpp/lib:/home/alansi77/custom_flightmode/install/px4_msgs/lib:${LD_LIBRARY_PATH} PYTHONPATH=/home/alansi77/custom_flightmode/install/px4_msgs/local/lib/python3.10/dist-packages:${PYTHONPATH} /usr/bin/cmake /home/alansi77/custom_flightmode/src/px4-ros2-interface-lib/examples/cpp/modes/manual -DAMENT_CMAKE_SYMLINK_INSTALL=1 -DCMAKE_INSTALL_PREFIX=/home/alansi77/custom_flightmode/install/example_mode_manual_cpp
[7.755s] Invoking command in '/home/alansi77/custom_flightmode/build/example_mode_manual_cpp': AMENT_PREFIX_PATH=/home/alansi77/custom_flightmode/install/px4_ros2_cpp:/home/alansi77/custom_flightmode/install/px4_msgs:${AMENT_PREFIX_PATH} CMAKE_PREFIX_PATH=/home/alansi77/custom_flightmode/install/px4_ros2_cpp:/home/alansi77/custom_flightmode/install/px4_msgs:/opt/ros/humble LD_LIBRARY_PATH=/home/alansi77/custom_flightmode/install/px4_ros2_cpp/lib:/home/alansi77/custom_flightmode/install/px4_msgs/lib:${LD_LIBRARY_PATH} PYTHONPATH=/home/alansi77/custom_flightmode/install/px4_msgs/local/lib/python3.10/dist-packages:${PYTHONPATH} /usr/bin/cmake --build /home/alansi77/custom_flightmode/build/example_mode_manual_cpp -- -j8 -l8
[7.879s] [ 50%] [32mBuilding CXX object CMakeFiles/example_mode_manual.dir/src/main.cpp.o[0m
[670.583s] [100%] [32m[1mLinking CXX executable example_mode_manual[0m
[672.132s] [100%] Built target example_mode_manual
[672.607s] Invoked command in '/home/alansi77/custom_flightmode/build/example_mode_manual_cpp' returned '0': AMENT_PREFIX_PATH=/home/alansi77/custom_flightmode/install/px4_ros2_cpp:/home/alansi77/custom_flightmode/install/px4_msgs:${AMENT_PREFIX_PATH} CMAKE_PREFIX_PATH=/home/alansi77/custom_flightmode/install/px4_ros2_cpp:/home/alansi77/custom_flightmode/install/px4_msgs:/opt/ros/humble LD_LIBRARY_PATH=/home/alansi77/custom_flightmode/install/px4_ros2_cpp/lib:/home/alansi77/custom_flightmode/install/px4_msgs/lib:${LD_LIBRARY_PATH} PYTHONPATH=/home/alansi77/custom_flightmode/install/px4_msgs/local/lib/python3.10/dist-packages:${PYTHONPATH} /usr/bin/cmake --build /home/alansi77/custom_flightmode/build/example_mode_manual_cpp -- -j8 -l8
[672.615s] Invoking command in '/home/alansi77/custom_flightmode/build/example_mode_manual_cpp': AMENT_PREFIX_PATH=/home/alansi77/custom_flightmode/install/px4_ros2_cpp:/home/alansi77/custom_flightmode/install/px4_msgs:${AMENT_PREFIX_PATH} CMAKE_PREFIX_PATH=/home/alansi77/custom_flightmode/install/px4_ros2_cpp:/home/alansi77/custom_flightmode/install/px4_msgs:/opt/ros/humble LD_LIBRARY_PATH=/home/alansi77/custom_flightmode/install/px4_ros2_cpp/lib:/home/alansi77/custom_flightmode/install/px4_msgs/lib:${LD_LIBRARY_PATH} PYTHONPATH=/home/alansi77/custom_flightmode/install/px4_msgs/local/lib/python3.10/dist-packages:${PYTHONPATH} /usr/bin/cmake --install /home/alansi77/custom_flightmode/build/example_mode_manual_cpp
[672.627s] -- Install configuration: ""
[672.632s] -- Execute custom install script
[672.637s] -- Symlinking: /home/alansi77/custom_flightmode/install/example_mode_manual_cpp/lib/example_mode_manual_cpp/example_mode_manual
[672.658s] -- Symlinking: /home/alansi77/custom_flightmode/install/example_mode_manual_cpp/share/ament_index/resource_index/package_run_dependencies/example_mode_manual_cpp
[672.671s] -- Symlinking: /home/alansi77/custom_flightmode/install/example_mode_manual_cpp/share/ament_index/resource_index/parent_prefix_path/example_mode_manual_cpp
[672.684s] -- Symlinking: /home/alansi77/custom_flightmode/install/example_mode_manual_cpp/share/example_mode_manual_cpp/environment/ament_prefix_path.sh
[672.699s] -- Symlinking: /home/alansi77/custom_flightmode/install/example_mode_manual_cpp/share/example_mode_manual_cpp/environment/ament_prefix_path.dsv
[672.711s] -- Symlinking: /home/alansi77/custom_flightmode/install/example_mode_manual_cpp/share/example_mode_manual_cpp/environment/path.sh
[672.723s] -- Symlinking: /home/alansi77/custom_flightmode/install/example_mode_manual_cpp/share/example_mode_manual_cpp/environment/path.dsv
[672.735s] -- Symlinking: /home/alansi77/custom_flightmode/install/example_mode_manual_cpp/share/example_mode_manual_cpp/local_setup.bash
[672.747s] -- Symlinking: /home/alansi77/custom_flightmode/install/example_mode_manual_cpp/share/example_mode_manual_cpp/local_setup.sh
[672.764s] -- Symlinking: /home/alansi77/custom_flightmode/install/example_mode_manual_cpp/share/example_mode_manual_cpp/local_setup.zsh
[672.776s] -- Symlinking: /home/alansi77/custom_flightmode/install/example_mode_manual_cpp/share/example_mode_manual_cpp/local_setup.dsv
[672.788s] -- Symlinking: /home/alansi77/custom_flightmode/install/example_mode_manual_cpp/share/example_mode_manual_cpp/package.dsv
[672.801s] -- Symlinking: /home/alansi77/custom_flightmode/install/example_mode_manual_cpp/share/ament_index/resource_index/packages/example_mode_manual_cpp
[672.815s] -- Symlinking: /home/alansi77/custom_flightmode/install/example_mode_manual_cpp/share/example_mode_manual_cpp/cmake/example_mode_manual_cppConfig.cmake
[672.827s] -- Symlinking: /home/alansi77/custom_flightmode/install/example_mode_manual_cpp/share/example_mode_manual_cpp/cmake/example_mode_manual_cppConfig-version.cmake
[672.839s] -- Symlinking: /home/alansi77/custom_flightmode/install/example_mode_manual_cpp/share/example_mode_manual_cpp/package.xml
[672.855s] Invoked command in '/home/alansi77/custom_flightmode/build/example_mode_manual_cpp' returned '0': AMENT_PREFIX_PATH=/home/alansi77/custom_flightmode/install/px4_ros2_cpp:/home/alansi77/custom_flightmode/install/px4_msgs:${AMENT_PREFIX_PATH} CMAKE_PREFIX_PATH=/home/alansi77/custom_flightmode/install/px4_ros2_cpp:/home/alansi77/custom_flightmode/install/px4_msgs:/opt/ros/humble LD_LIBRARY_PATH=/home/alansi77/custom_flightmode/install/px4_ros2_cpp/lib:/home/alansi77/custom_flightmode/install/px4_msgs/lib:${LD_LIBRARY_PATH} PYTHONPATH=/home/alansi77/custom_flightmode/install/px4_msgs/local/lib/python3.10/dist-packages:${PYTHONPATH} /usr/bin/cmake --install /home/alansi77/custom_flightmode/build/example_mode_manual_cpp
