[0.191s] Invoking command in '/home/alansi77/custom_flightmode/build/draw_flight_mode': AMENT_PREFIX_PATH=/home/alansi77/custom_flightmode/install/px4_ros2_cpp:/home/alansi77/custom_flightmode/install/px4_msgs:${AMENT_PREFIX_PATH} CMAKE_PREFIX_PATH=/home/alansi77/custom_flightmode/install/px4_ros2_cpp:/home/alansi77/custom_flightmode/install/px4_msgs:/opt/ros/humble LD_LIBRARY_PATH=/home/alansi77/custom_flightmode/install/px4_ros2_cpp/lib:/home/alansi77/custom_flightmode/install/px4_msgs/lib:${LD_LIBRARY_PATH} PYTHONPATH=/home/alansi77/custom_flightmode/install/px4_msgs/local/lib/python3.10/dist-packages:${PYTHONPATH} /usr/bin/cmake /home/alansi77/custom_flightmode/src/custom_flightmode -DAMENT_CMAKE_SYMLINK_INSTALL=1 -DCMAKE_INSTALL_PREFIX=/home/alansi77/custom_flightmode/install/draw_flight_mode
[0.597s] -- The C compiler identification is GNU 11.4.0
[1.050s] -- The CXX compiler identification is GNU 11.4.0
[1.183s] -- Detecting C compiler ABI info
[1.413s] -- Detecting C compiler ABI info - done
[1.438s] -- Check for working C compiler: /usr/bin/cc - skipped
[1.442s] -- Detecting C compile features
[1.445s] -- Detecting C compile features - done
[1.457s] -- Detecting CXX compiler ABI info
[1.717s] -- Detecting CXX compiler ABI info - done
[1.744s] -- Check for working CXX compiler: /usr/bin/c++ - skipped
[1.745s] -- Detecting CXX compile features
[1.748s] -- Detecting CXX compile features - done
[1.760s] -- Found eigen3_cmake_module: 0.1.1 (/opt/ros/humble/share/eigen3_cmake_module/cmake)
[1.812s] -- Found Eigen3: TRUE (found version "3.4.0") 
[1.816s] -- Found ament_cmake: 1.3.11 (/opt/ros/humble/share/ament_cmake/cmake)
[2.454s] -- Found Python3: /usr/bin/python3 (found version "3.10.12") found components: Interpreter 
[2.797s] -- Override CMake install command with custom implementation using symlinks instead of copying resources
[2.923s] -- Found rclcpp: 16.0.12 (/opt/ros/humble/share/rclcpp/cmake)
[3.201s] -- Found rosidl_generator_c: 3.1.6 (/opt/ros/humble/share/rosidl_generator_c/cmake)
[3.218s] -- Found rosidl_adapter: 3.1.6 (/opt/ros/humble/share/rosidl_adapter/cmake)
[3.259s] -- Found rosidl_generator_cpp: 3.1.6 (/opt/ros/humble/share/rosidl_generator_cpp/cmake)
[3.321s] -- Using all available rosidl_typesupport_c: rosidl_typesupport_fastrtps_c;rosidl_typesupport_introspection_c
[3.393s] -- Using all available rosidl_typesupport_cpp: rosidl_typesupport_fastrtps_cpp;rosidl_typesupport_introspection_cpp
[3.597s] -- Found rmw_implementation_cmake: 6.1.2 (/opt/ros/humble/share/rmw_implementation_cmake/cmake)
[3.608s] -- Found rmw_fastrtps_cpp: 6.2.7 (/opt/ros/humble/share/rmw_fastrtps_cpp/cmake)
[4.458s] -- Found OpenSSL: /usr/lib/x86_64-linux-gnu/libcrypto.so (found version "3.0.2")  
[5.119s] -- Found FastRTPS: /opt/ros/humble/include  
[6.371s] -- Using RMW implementation 'rmw_fastrtps_cpp' as default
[6.407s] -- Looking for pthread.h
[6.671s] -- Looking for pthread.h - found
[6.672s] -- Performing Test CMAKE_HAVE_LIBC_PTHREAD
[6.924s] -- Performing Test CMAKE_HAVE_LIBC_PTHREAD - Success
[6.925s] -- Found Threads: TRUE  
[7.162s] -- Found px4_ros2_cpp: 0.0.1 (/home/alansi77/custom_flightmode/install/px4_ros2_cpp/share/px4_ros2_cpp/cmake)
[7.260s] -- Found ament_lint_auto: 0.12.12 (/opt/ros/humble/share/ament_lint_auto/cmake)
[7.628s] -- Added test 'copyright' to check source files copyright and LICENSE
[7.661s] -- Added test 'cppcheck' to perform static code analysis on C / C++ code
[7.662s] -- Configured cppcheck include dirs: /home/alansi77/custom_flightmode/src/custom_flightmode/include
[7.662s] -- Configured cppcheck exclude dirs and/or files: 
[7.675s] -- Added test 'cpplint' to check C / C++ code against the Google style
[7.676s] -- Configured cpplint exclude dirs and/or files: 
[7.682s] -- Added test 'lint_cmake' to check CMake code style
[7.697s] -- Added test 'uncrustify' to check C / C++ code style
[7.697s] -- Configured uncrustify additional arguments: 
[7.702s] -- Added test 'xmllint' to check XML markup files
[7.709s] -- Configuring done
[7.830s] -- Generating done
[7.861s] -- Build files have been written to: /home/alansi77/custom_flightmode/build/draw_flight_mode
[7.884s] Invoked command in '/home/alansi77/custom_flightmode/build/draw_flight_mode' returned '0': AMENT_PREFIX_PATH=/home/alansi77/custom_flightmode/install/px4_ros2_cpp:/home/alansi77/custom_flightmode/install/px4_msgs:${AMENT_PREFIX_PATH} CMAKE_PREFIX_PATH=/home/alansi77/custom_flightmode/install/px4_ros2_cpp:/home/alansi77/custom_flightmode/install/px4_msgs:/opt/ros/humble LD_LIBRARY_PATH=/home/alansi77/custom_flightmode/install/px4_ros2_cpp/lib:/home/alansi77/custom_flightmode/install/px4_msgs/lib:${LD_LIBRARY_PATH} PYTHONPATH=/home/alansi77/custom_flightmode/install/px4_msgs/local/lib/python3.10/dist-packages:${PYTHONPATH} /usr/bin/cmake /home/alansi77/custom_flightmode/src/custom_flightmode -DAMENT_CMAKE_SYMLINK_INSTALL=1 -DCMAKE_INSTALL_PREFIX=/home/alansi77/custom_flightmode/install/draw_flight_mode
[7.885s] Invoking command in '/home/alansi77/custom_flightmode/build/draw_flight_mode': AMENT_PREFIX_PATH=/home/alansi77/custom_flightmode/install/px4_ros2_cpp:/home/alansi77/custom_flightmode/install/px4_msgs:${AMENT_PREFIX_PATH} CMAKE_PREFIX_PATH=/home/alansi77/custom_flightmode/install/px4_ros2_cpp:/home/alansi77/custom_flightmode/install/px4_msgs:/opt/ros/humble LD_LIBRARY_PATH=/home/alansi77/custom_flightmode/install/px4_ros2_cpp/lib:/home/alansi77/custom_flightmode/install/px4_msgs/lib:${LD_LIBRARY_PATH} PYTHONPATH=/home/alansi77/custom_flightmode/install/px4_msgs/local/lib/python3.10/dist-packages:${PYTHONPATH} /usr/bin/cmake --build /home/alansi77/custom_flightmode/build/draw_flight_mode -- -j8 -l8
[7.990s] [ 50%] [32mBuilding CXX object CMakeFiles/draw_r.dir/src/main.cpp.o[0m
[714.933s] [100%] [32m[1mLinking CXX executable draw_r[0m
[716.458s] [100%] Built target draw_r
[716.646s] Invoked command in '/home/alansi77/custom_flightmode/build/draw_flight_mode' returned '0': AMENT_PREFIX_PATH=/home/alansi77/custom_flightmode/install/px4_ros2_cpp:/home/alansi77/custom_flightmode/install/px4_msgs:${AMENT_PREFIX_PATH} CMAKE_PREFIX_PATH=/home/alansi77/custom_flightmode/install/px4_ros2_cpp:/home/alansi77/custom_flightmode/install/px4_msgs:/opt/ros/humble LD_LIBRARY_PATH=/home/alansi77/custom_flightmode/install/px4_ros2_cpp/lib:/home/alansi77/custom_flightmode/install/px4_msgs/lib:${LD_LIBRARY_PATH} PYTHONPATH=/home/alansi77/custom_flightmode/install/px4_msgs/local/lib/python3.10/dist-packages:${PYTHONPATH} /usr/bin/cmake --build /home/alansi77/custom_flightmode/build/draw_flight_mode -- -j8 -l8
[716.654s] Invoking command in '/home/alansi77/custom_flightmode/build/draw_flight_mode': AMENT_PREFIX_PATH=/home/alansi77/custom_flightmode/install/px4_ros2_cpp:/home/alansi77/custom_flightmode/install/px4_msgs:${AMENT_PREFIX_PATH} CMAKE_PREFIX_PATH=/home/alansi77/custom_flightmode/install/px4_ros2_cpp:/home/alansi77/custom_flightmode/install/px4_msgs:/opt/ros/humble LD_LIBRARY_PATH=/home/alansi77/custom_flightmode/install/px4_ros2_cpp/lib:/home/alansi77/custom_flightmode/install/px4_msgs/lib:${LD_LIBRARY_PATH} PYTHONPATH=/home/alansi77/custom_flightmode/install/px4_msgs/local/lib/python3.10/dist-packages:${PYTHONPATH} /usr/bin/cmake --install /home/alansi77/custom_flightmode/build/draw_flight_mode
[716.664s] -- Install configuration: ""
[716.667s] -- Execute custom install script
[716.668s] -- Symlinking: /home/alansi77/custom_flightmode/install/draw_flight_mode/lib/draw_flight_mode/draw_r
[716.684s] -- Symlinking: /home/alansi77/custom_flightmode/install/draw_flight_mode/share/ament_index/resource_index/package_run_dependencies/draw_flight_mode
[716.696s] -- Symlinking: /home/alansi77/custom_flightmode/install/draw_flight_mode/share/ament_index/resource_index/parent_prefix_path/draw_flight_mode
[716.710s] -- Symlinking: /home/alansi77/custom_flightmode/install/draw_flight_mode/share/draw_flight_mode/environment/ament_prefix_path.sh
[716.727s] -- Symlinking: /home/alansi77/custom_flightmode/install/draw_flight_mode/share/draw_flight_mode/environment/ament_prefix_path.dsv
[716.738s] -- Symlinking: /home/alansi77/custom_flightmode/install/draw_flight_mode/share/draw_flight_mode/environment/path.sh
[716.750s] -- Symlinking: /home/alansi77/custom_flightmode/install/draw_flight_mode/share/draw_flight_mode/environment/path.dsv
[716.761s] -- Symlinking: /home/alansi77/custom_flightmode/install/draw_flight_mode/share/draw_flight_mode/local_setup.bash
[716.773s] -- Symlinking: /home/alansi77/custom_flightmode/install/draw_flight_mode/share/draw_flight_mode/local_setup.sh
[716.784s] -- Symlinking: /home/alansi77/custom_flightmode/install/draw_flight_mode/share/draw_flight_mode/local_setup.zsh
[716.796s] -- Symlinking: /home/alansi77/custom_flightmode/install/draw_flight_mode/share/draw_flight_mode/local_setup.dsv
[716.812s] -- Symlinking: /home/alansi77/custom_flightmode/install/draw_flight_mode/share/draw_flight_mode/package.dsv
[716.832s] -- Symlinking: /home/alansi77/custom_flightmode/install/draw_flight_mode/share/ament_index/resource_index/packages/draw_flight_mode
[716.851s] -- Symlinking: /home/alansi77/custom_flightmode/install/draw_flight_mode/share/draw_flight_mode/cmake/draw_flight_modeConfig.cmake
[716.866s] -- Symlinking: /home/alansi77/custom_flightmode/install/draw_flight_mode/share/draw_flight_mode/cmake/draw_flight_modeConfig-version.cmake
[716.888s] -- Symlinking: /home/alansi77/custom_flightmode/install/draw_flight_mode/share/draw_flight_mode/package.xml
[716.909s] Invoked command in '/home/alansi77/custom_flightmode/build/draw_flight_mode' returned '0': AMENT_PREFIX_PATH=/home/alansi77/custom_flightmode/install/px4_ros2_cpp:/home/alansi77/custom_flightmode/install/px4_msgs:${AMENT_PREFIX_PATH} CMAKE_PREFIX_PATH=/home/alansi77/custom_flightmode/install/px4_ros2_cpp:/home/alansi77/custom_flightmode/install/px4_msgs:/opt/ros/humble LD_LIBRARY_PATH=/home/alansi77/custom_flightmode/install/px4_ros2_cpp/lib:/home/alansi77/custom_flightmode/install/px4_msgs/lib:${LD_LIBRARY_PATH} PYTHONPATH=/home/alansi77/custom_flightmode/install/px4_msgs/local/lib/python3.10/dist-packages:${PYTHONPATH} /usr/bin/cmake --install /home/alansi77/custom_flightmode/build/draw_flight_mode
