[0.151s] Invoking command in '/home/alansi77/custom_flightmode/build/example_local_navigation_cpp': AMENT_PREFIX_PATH=/home/alansi77/custom_flightmode/install/px4_ros2_cpp:/home/alansi77/custom_flightmode/install/px4_msgs:${AMENT_PREFIX_PATH} CMAKE_PREFIX_PATH=/home/alansi77/custom_flightmode/install/px4_ros2_cpp:/home/alansi77/custom_flightmode/install/px4_msgs:/opt/ros/humble LD_LIBRARY_PATH=/home/alansi77/custom_flightmode/install/px4_ros2_cpp/lib:/home/alansi77/custom_flightmode/install/px4_msgs/lib:${LD_LIBRARY_PATH} PYTHONPATH=/home/alansi77/custom_flightmode/install/px4_msgs/local/lib/python3.10/dist-packages:${PYTHONPATH} /usr/bin/cmake /home/alansi77/custom_flightmode/src/px4-ros2-interface-lib/examples/cpp/navigation/local_navigation -DAMENT_CMAKE_SYMLINK_INSTALL=1 -DCMAKE_INSTALL_PREFIX=/home/alansi77/custom_flightmode/install/example_local_navigation_cpp
[0.529s] -- The C compiler identification is GNU 11.4.0
[0.989s] -- The CXX compiler identification is GNU 11.4.0
[1.184s] -- Detecting C compiler ABI info
[1.410s] -- Detecting C compiler ABI info - done
[1.439s] -- Check for working C compiler: /usr/bin/cc - skipped
[1.439s] -- Detecting C compile features
[1.440s] -- Detecting C compile features - done
[1.446s] -- Detecting CXX compiler ABI info
[1.714s] -- Detecting CXX compiler ABI info - done
[1.730s] -- Check for working CXX compiler: /usr/bin/c++ - skipped
[1.731s] -- Detecting CXX compile features
[1.732s] -- Detecting CXX compile features - done
[1.736s] -- Found eigen3_cmake_module: 0.1.1 (/opt/ros/humble/share/eigen3_cmake_module/cmake)
[1.748s] -- Found Eigen3: TRUE (found version "3.4.0") 
[1.752s] -- Found ament_cmake: 1.3.11 (/opt/ros/humble/share/ament_cmake/cmake)
[2.383s] -- Found Python3: /usr/bin/python3 (found version "3.10.12") found components: Interpreter 
[2.731s] -- Override CMake install command with custom implementation using symlinks instead of copying resources
[2.858s] -- Found rclcpp: 16.0.12 (/opt/ros/humble/share/rclcpp/cmake)
[3.134s] -- Found rosidl_generator_c: 3.1.6 (/opt/ros/humble/share/rosidl_generator_c/cmake)
[3.152s] -- Found rosidl_adapter: 3.1.6 (/opt/ros/humble/share/rosidl_adapter/cmake)
[3.193s] -- Found rosidl_generator_cpp: 3.1.6 (/opt/ros/humble/share/rosidl_generator_cpp/cmake)
[3.254s] -- Using all available rosidl_typesupport_c: rosidl_typesupport_fastrtps_c;rosidl_typesupport_introspection_c
[3.328s] -- Using all available rosidl_typesupport_cpp: rosidl_typesupport_fastrtps_cpp;rosidl_typesupport_introspection_cpp
[3.530s] -- Found rmw_implementation_cmake: 6.1.2 (/opt/ros/humble/share/rmw_implementation_cmake/cmake)
[3.542s] -- Found rmw_fastrtps_cpp: 6.2.7 (/opt/ros/humble/share/rmw_fastrtps_cpp/cmake)
[4.388s] -- Found OpenSSL: /usr/lib/x86_64-linux-gnu/libcrypto.so (found version "3.0.2")  
[5.054s] -- Found FastRTPS: /opt/ros/humble/include  
[6.241s] -- Using RMW implementation 'rmw_fastrtps_cpp' as default
[6.287s] -- Looking for pthread.h
[6.608s] -- Looking for pthread.h - found
[6.609s] -- Performing Test CMAKE_HAVE_LIBC_PTHREAD
[6.859s] -- Performing Test CMAKE_HAVE_LIBC_PTHREAD - Success
[6.859s] -- Found Threads: TRUE  
[7.096s] -- Found px4_ros2_cpp: 0.0.1 (/home/alansi77/custom_flightmode/install/px4_ros2_cpp/share/px4_ros2_cpp/cmake)
[7.195s] -- Found ament_lint_auto: 0.12.12 (/opt/ros/humble/share/ament_lint_auto/cmake)
[7.563s] -- Added test 'copyright' to check source files copyright and LICENSE
[7.570s] -- Added test 'cppcheck' to perform static code analysis on C / C++ code
[7.572s] -- Configured cppcheck include dirs: /home/alansi77/custom_flightmode/src/px4-ros2-interface-lib/examples/cpp/navigation/local_navigation/include
[7.572s] -- Configured cppcheck exclude dirs and/or files: 
[7.575s] -- Added test 'cpplint' to check C / C++ code against the Google style
[7.576s] -- Configured cpplint exclude dirs and/or files: 
[7.578s] -- Added test 'lint_cmake' to check CMake code style
[7.583s] -- Added test 'uncrustify' to check C / C++ code style
[7.583s] -- Configured uncrustify additional arguments: 
[7.585s] -- Added test 'xmllint' to check XML markup files
[7.593s] -- Configuring done
[7.632s] -- Generating done
[7.645s] -- Build files have been written to: /home/alansi77/custom_flightmode/build/example_local_navigation_cpp
[7.795s] Invoked command in '/home/alansi77/custom_flightmode/build/example_local_navigation_cpp' returned '0': AMENT_PREFIX_PATH=/home/alansi77/custom_flightmode/install/px4_ros2_cpp:/home/alansi77/custom_flightmode/install/px4_msgs:${AMENT_PREFIX_PATH} CMAKE_PREFIX_PATH=/home/alansi77/custom_flightmode/install/px4_ros2_cpp:/home/alansi77/custom_flightmode/install/px4_msgs:/opt/ros/humble LD_LIBRARY_PATH=/home/alansi77/custom_flightmode/install/px4_ros2_cpp/lib:/home/alansi77/custom_flightmode/install/px4_msgs/lib:${LD_LIBRARY_PATH} PYTHONPATH=/home/alansi77/custom_flightmode/install/px4_msgs/local/lib/python3.10/dist-packages:${PYTHONPATH} /usr/bin/cmake /home/alansi77/custom_flightmode/src/px4-ros2-interface-lib/examples/cpp/navigation/local_navigation -DAMENT_CMAKE_SYMLINK_INSTALL=1 -DCMAKE_INSTALL_PREFIX=/home/alansi77/custom_flightmode/install/example_local_navigation_cpp
[7.796s] Invoking command in '/home/alansi77/custom_flightmode/build/example_local_navigation_cpp': AMENT_PREFIX_PATH=/home/alansi77/custom_flightmode/install/px4_ros2_cpp:/home/alansi77/custom_flightmode/install/px4_msgs:${AMENT_PREFIX_PATH} CMAKE_PREFIX_PATH=/home/alansi77/custom_flightmode/install/px4_ros2_cpp:/home/alansi77/custom_flightmode/install/px4_msgs:/opt/ros/humble LD_LIBRARY_PATH=/home/alansi77/custom_flightmode/install/px4_ros2_cpp/lib:/home/alansi77/custom_flightmode/install/px4_msgs/lib:${LD_LIBRARY_PATH} PYTHONPATH=/home/alansi77/custom_flightmode/install/px4_msgs/local/lib/python3.10/dist-packages:${PYTHONPATH} /usr/bin/cmake --build /home/alansi77/custom_flightmode/build/example_local_navigation_cpp -- -j8 -l8
[7.868s] [ 50%] [32mBuilding CXX object CMakeFiles/example_local_navigation.dir/src/main.cpp.o[0m
[654.207s] [100%] [32m[1mLinking CXX executable example_local_navigation[0m
[655.688s] [100%] Built target example_local_navigation
[656.353s] Invoked command in '/home/alansi77/custom_flightmode/build/example_local_navigation_cpp' returned '0': AMENT_PREFIX_PATH=/home/alansi77/custom_flightmode/install/px4_ros2_cpp:/home/alansi77/custom_flightmode/install/px4_msgs:${AMENT_PREFIX_PATH} CMAKE_PREFIX_PATH=/home/alansi77/custom_flightmode/install/px4_ros2_cpp:/home/alansi77/custom_flightmode/install/px4_msgs:/opt/ros/humble LD_LIBRARY_PATH=/home/alansi77/custom_flightmode/install/px4_ros2_cpp/lib:/home/alansi77/custom_flightmode/install/px4_msgs/lib:${LD_LIBRARY_PATH} PYTHONPATH=/home/alansi77/custom_flightmode/install/px4_msgs/local/lib/python3.10/dist-packages:${PYTHONPATH} /usr/bin/cmake --build /home/alansi77/custom_flightmode/build/example_local_navigation_cpp -- -j8 -l8
[656.370s] Invoking command in '/home/alansi77/custom_flightmode/build/example_local_navigation_cpp': AMENT_PREFIX_PATH=/home/alansi77/custom_flightmode/install/px4_ros2_cpp:/home/alansi77/custom_flightmode/install/px4_msgs:${AMENT_PREFIX_PATH} CMAKE_PREFIX_PATH=/home/alansi77/custom_flightmode/install/px4_ros2_cpp:/home/alansi77/custom_flightmode/install/px4_msgs:/opt/ros/humble LD_LIBRARY_PATH=/home/alansi77/custom_flightmode/install/px4_ros2_cpp/lib:/home/alansi77/custom_flightmode/install/px4_msgs/lib:${LD_LIBRARY_PATH} PYTHONPATH=/home/alansi77/custom_flightmode/install/px4_msgs/local/lib/python3.10/dist-packages:${PYTHONPATH} /usr/bin/cmake --install /home/alansi77/custom_flightmode/build/example_local_navigation_cpp
[656.380s] -- Install configuration: ""
[656.388s] -- Execute custom install script
[656.393s] -- Symlinking: /home/alansi77/custom_flightmode/install/example_local_navigation_cpp/lib/example_local_navigation_cpp/example_local_navigation
[656.422s] -- Symlinking: /home/alansi77/custom_flightmode/install/example_local_navigation_cpp/share/ament_index/resource_index/package_run_dependencies/example_local_navigation_cpp
[656.436s] -- Symlinking: /home/alansi77/custom_flightmode/install/example_local_navigation_cpp/share/ament_index/resource_index/parent_prefix_path/example_local_navigation_cpp
[656.448s] -- Symlinking: /home/alansi77/custom_flightmode/install/example_local_navigation_cpp/share/example_local_navigation_cpp/environment/ament_prefix_path.sh
[656.462s] -- Symlinking: /home/alansi77/custom_flightmode/install/example_local_navigation_cpp/share/example_local_navigation_cpp/environment/ament_prefix_path.dsv
[656.474s] -- Symlinking: /home/alansi77/custom_flightmode/install/example_local_navigation_cpp/share/example_local_navigation_cpp/environment/path.sh
[656.486s] -- Symlinking: /home/alansi77/custom_flightmode/install/example_local_navigation_cpp/share/example_local_navigation_cpp/environment/path.dsv
[656.498s] -- Symlinking: /home/alansi77/custom_flightmode/install/example_local_navigation_cpp/share/example_local_navigation_cpp/local_setup.bash
[656.511s] -- Symlinking: /home/alansi77/custom_flightmode/install/example_local_navigation_cpp/share/example_local_navigation_cpp/local_setup.sh
[656.523s] -- Symlinking: /home/alansi77/custom_flightmode/install/example_local_navigation_cpp/share/example_local_navigation_cpp/local_setup.zsh
[656.534s] -- Symlinking: /home/alansi77/custom_flightmode/install/example_local_navigation_cpp/share/example_local_navigation_cpp/local_setup.dsv
[656.546s] -- Symlinking: /home/alansi77/custom_flightmode/install/example_local_navigation_cpp/share/example_local_navigation_cpp/package.dsv
[656.560s] -- Symlinking: /home/alansi77/custom_flightmode/install/example_local_navigation_cpp/share/ament_index/resource_index/packages/example_local_navigation_cpp
[656.574s] -- Symlinking: /home/alansi77/custom_flightmode/install/example_local_navigation_cpp/share/example_local_navigation_cpp/cmake/example_local_navigation_cppConfig.cmake
[656.586s] -- Symlinking: /home/alansi77/custom_flightmode/install/example_local_navigation_cpp/share/example_local_navigation_cpp/cmake/example_local_navigation_cppConfig-version.cmake
[656.601s] -- Symlinking: /home/alansi77/custom_flightmode/install/example_local_navigation_cpp/share/example_local_navigation_cpp/package.xml
[656.619s] Invoked command in '/home/alansi77/custom_flightmode/build/example_local_navigation_cpp' returned '0': AMENT_PREFIX_PATH=/home/alansi77/custom_flightmode/install/px4_ros2_cpp:/home/alansi77/custom_flightmode/install/px4_msgs:${AMENT_PREFIX_PATH} CMAKE_PREFIX_PATH=/home/alansi77/custom_flightmode/install/px4_ros2_cpp:/home/alansi77/custom_flightmode/install/px4_msgs:/opt/ros/humble LD_LIBRARY_PATH=/home/alansi77/custom_flightmode/install/px4_ros2_cpp/lib:/home/alansi77/custom_flightmode/install/px4_msgs/lib:${LD_LIBRARY_PATH} PYTHONPATH=/home/alansi77/custom_flightmode/install/px4_msgs/local/lib/python3.10/dist-packages:${PYTHONPATH} /usr/bin/cmake --install /home/alansi77/custom_flightmode/build/example_local_navigation_cpp
